# JRE version: Java(TM) SE Runtime Environment (8.0_131-b11) (build 1.8.0_131-b11)
# Java VM: Java HotSpot(TM) 64-Bit Server VM (25.131-b11 mixed mode linux-amd64 compressed oops)
Heap:
 PSYoungGen      total 324096K, used 0K [0x00000000e0000000, 0x0000000100000000, 0x0000000100000000)
  eden space 175104K, 0% used [0x00000000e0000000,0x00000000e0000000,0x00000000eab00000)
  from space 148992K, 0% used [0x00000000f6e80000,0x00000000f6e80000,0x0000000100000000)
  to   space 174592K, 0% used [0x00000000eab00000,0x00000000eab00000,0x00000000f5580000)
 ParOldGen       total 300032K, used 296376K [0x00000000a0000000, 0x00000000b2500000, 0x00000000e0000000)
  object space 300032K, 98% used [0x00000000a0000000,0x00000000b216e070,0x00000000b2500000)
 Metaspace       used 177480K, capacity 185956K, committed 186200K, reserved 1212416K
  class space    used 22492K, capacity 24060K, committed 24192K, reserved 1048576K
GC Heap History (10 events):
Event: 633.281 GC heap after
Heap after GC invocations=39 (full 7):
 PSYoungGen      total 414720K, used 59593K [0x00000000e0000000, 0x00000000ffe00000, 0x0000000100000000)
  eden space 314368K, 0% used [0x00000000e0000000,0x00000000e0000000,0x00000000f3300000)
  from space 100352K, 59% used [0x00000000f9c00000,0x00000000fd632600,0x00000000ffe00000)
  to   space 103936K, 0% used [0x00000000f3300000,0x00000000f3300000,0x00000000f9880000)
 ParOldGen       total 300032K, used 179035K [0x00000000a0000000, 0x00000000b2500000, 0x00000000e0000000)
  object space 300032K, 59% used [0x00000000a0000000,0x00000000aaed6cd0,0x00000000b2500000)
 Metaspace       used 170871K, capacity 178902K, committed 179288K, reserved 1206272K
  class space    used 21627K, capacity 23109K, committed 23168K, reserved 1048576K
}
Event: 639.778 GC heap before
{Heap before GC invocations=40 (full 7):
 PSYoungGen      total 414720K, used 373961K [0x00000000e0000000, 0x00000000ffe00000, 0x0000000100000000)
  eden space 314368K, 100% used [0x00000000e0000000,0x00000000f3300000,0x00000000f3300000)
  from space 100352K, 59% used [0x00000000f9c00000,0x00000000fd632600,0x00000000ffe00000)
  to   space 103936K, 0% used [0x00000000f3300000,0x00000000f3300000,0x00000000f9880000)
 ParOldGen       total 300032K, used 179035K [0x00000000a0000000, 0x00000000b2500000, 0x00000000e0000000)
  object space 300032K, 59% used [0x00000000a0000000,0x00000000aaed6cd0,0x00000000b2500000)
 Metaspace       used 175014K, capacity 183354K, committed 183512K, reserved 1208320K
  class space    used 22213K, capacity 23765K, committed 23808K, reserved 1048576K
Event: 639.873 GC heap after
Heap after GC invocations=40 (full 7):
 PSYoungGen      total 410624K, used 96031K [0x00000000e0000000, 0x0000000100000000, 0x0000000100000000)
  eden space 314368K, 0% used [0x00000000e0000000,0x00000000e0000000,0x00000000f3300000)
  from space 96256K, 99% used [0x00000000f3300000,0x00000000f90c7e78,0x00000000f9100000)
  to   space 113664K, 0% used [0x00000000f9100000,0x00000000f9100000,0x0000000100000000)
 ParOldGen       total 300032K, used 179062K [0x00000000a0000000, 0x00000000b2500000, 0x00000000e0000000)
  object space 300032K, 59% used [0x00000000a0000000,0x00000000aaedd920,0x00000000b2500000)
 Metaspace       used 175014K, capacity 183354K, committed 183512K, reserved 1208320K
  class space    used 22213K, capacity 23765K, committed 23808K, reserved 1048576K
}
Event: 641.831 GC heap before
{Heap before GC invocations=41 (full 7):
 PSYoungGen      total 410624K, used 410399K [0x00000000e0000000, 0x0000000100000000, 0x0000000100000000)
  eden space 314368K, 100% used [0x00000000e0000000,0x00000000f3300000,0x00000000f3300000)
  from space 96256K, 99% used [0x00000000f3300000,0x00000000f90c7e78,0x00000000f9100000)
  to   space 113664K, 0% used [0x00000000f9100000,0x00000000f9100000,0x0000000100000000)
 ParOldGen       total 300032K, used 179062K [0x00000000a0000000, 0x00000000b2500000, 0x00000000e0000000)
  object space 300032K, 59% used [0x00000000a0000000,0x00000000aaedd920,0x00000000b2500000)
 Metaspace       used 175302K, capacity 183668K, committed 183768K, reserved 1210368K
  class space    used 22230K, capacity 23772K, committed 23808K, reserved 1048576K
Event: 642.014 GC heap after
Heap after GC invocations=41 (full 7):
 PSYoungGen      total 339968K, used 113650K [0x00000000e0000000, 0x0000000100000000, 0x0000000100000000)
  eden space 226304K, 0% used [0x00000000e0000000,0x00000000e0000000,0x00000000edd00000)
  from space 113664K, 99% used [0x00000000f9100000,0x00000000ffffc940,0x0000000100000000)
  to   space 148992K, 0% used [0x00000000edd00000,0x00000000edd00000,0x00000000f6e80000)
 ParOldGen       total 300032K, used 214629K [0x00000000a0000000, 0x00000000b2500000, 0x00000000e0000000)
  object space 300032K, 71% used [0x00000000a0000000,0x00000000ad1996d0,0x00000000b2500000)
 Metaspace       used 175302K, capacity 183668K, committed 183768K, reserved 1210368K
  class space    used 22230K, capacity 23772K, committed 23808K, reserved 1048576K
}
Event: 643.924 GC heap before
{Heap before GC invocations=42 (full 7):
 PSYoungGen      total 339968K, used 339954K [0x00000000e0000000, 0x0000000100000000, 0x0000000100000000)
  eden space 226304K, 100% used [0x00000000e0000000,0x00000000edd00000,0x00000000edd00000)
  from space 113664K, 99% used [0x00000000f9100000,0x00000000ffffc940,0x0000000100000000)
  to   space 148992K, 0% used [0x00000000edd00000,0x00000000edd00000,0x00000000f6e80000)
 ParOldGen       total 300032K, used 214629K [0x00000000a0000000, 0x00000000b2500000, 0x00000000e0000000)
  object space 300032K, 71% used [0x00000000a0000000,0x00000000ad1996d0,0x00000000b2500000)
 Metaspace       used 177055K, capacity 185452K, committed 185560K, reserved 1210368K
  class space    used 22467K, capacity 24016K, committed 24064K, reserved 1048576K
Event: 644.182 GC heap after
Heap after GC invocations=42 (full 7):
 PSYoungGen      total 375296K, used 148972K [0x00000000e0000000, 0x0000000100000000, 0x0000000100000000)
  eden space 226304K, 0% used [0x00000000e0000000,0x00000000e0000000,0x00000000edd00000)
  from space 148992K, 99% used [0x00000000edd00000,0x00000000f6e7b098,0x00000000f6e80000)
  to   space 148992K, 0% used [0x00000000f6e80000,0x00000000f6e80000,0x0000000100000000)
 ParOldGen       total 300032K, used 231940K [0x00000000a0000000, 0x00000000b2500000, 0x00000000e0000000)
  object space 300032K, 77% used [0x00000000a0000000,0x00000000ae281378,0x00000000b2500000)
 Metaspace       used 177055K, capacity 185452K, committed 185560K, reserved 1210368K
  class space    used 22467K, capacity 24016K, committed 24064K, reserved 1048576K
}
Event: 645.294 GC heap before
{Heap before GC invocations=43 (full 7):
 PSYoungGen      total 375296K, used 375276K [0x00000000e0000000, 0x0000000100000000, 0x0000000100000000)
  eden space 226304K, 100% used [0x00000000e0000000,0x00000000edd00000,0x00000000edd00000)
  from space 148992K, 99% used [0x00000000edd00000,0x00000000f6e7b098,0x00000000f6e80000)
  to   space 148992K, 0% used [0x00000000f6e80000,0x00000000f6e80000,0x0000000100000000)
 ParOldGen       total 300032K, used 231940K [0x00000000a0000000, 0x00000000b2500000, 0x00000000e0000000)
  object space 300032K, 77% used [0x00000000a0000000,0x00000000ae281378,0x00000000b2500000)
 Metaspace       used 177497K, capacity 186000K, committed 186200K, reserved 1212416K
  class space    used 22498K, capacity 24070K, committed 24192K, reserved 1048576K
Event: 645.513 GC heap after
Heap after GC invocations=43 (full 7):
 PSYoungGen      total 324096K, used 148991K [0x00000000e0000000, 0x0000000100000000, 0x0000000100000000)
  eden space 175104K, 0% used [0x00000000e0000000,0x00000000e0000000,0x00000000eab00000)
  from space 148992K, 99% used [0x00000000f6e80000,0x00000000fffffef0,0x0000000100000000)
  to   space 174592K, 0% used [0x00000000eab00000,0x00000000eab00000,0x00000000f5580000)
 ParOldGen       total 300032K, used 271009K [0x00000000a0000000, 0x00000000b2500000, 0x00000000e0000000)
  object space 300032K, 90% used [0x00000000a0000000,0x00000000b08a84d0,0x00000000b2500000)
 Metaspace       used 177497K, capacity 186000K, committed 186200K, reserved 1212416K
  class space    used 22498K, capacity 24070K, committed 24192K, reserved 1048576K
}
Event: 645.527 GC heap before
{Heap before GC invocations=44 (full 8):
 PSYoungGen      total 324096K, used 148991K [0x00000000e0000000, 0x0000000100000000, 0x0000000100000000)
  eden space 175104K, 0% used [0x00000000e0000000,0x00000000e0000000,0x00000000eab00000)
  from space 148992K, 99% used [0x00000000f6e80000,0x00000000fffffef0,0x0000000100000000)
  to   space 174592K, 0% used [0x00000000eab00000,0x00000000eab00000,0x00000000f5580000)
 ParOldGen       total 300032K, used 271009K [0x00000000a0000000, 0x00000000b2500000, 0x00000000e0000000)
  object space 300032K, 90% used [0x00000000a0000000,0x00000000b08a84d0,0x00000000b2500000)
 Metaspace       used 177497K, capacity 186000K, committed 186200K, reserved 1212416K
  class space    used 22498K, capacity 24070K, committed 24192K, reserved 1048576K

